<?xml version="1.0" encoding="UTF-8"?>
<testsuite xmlns:xsi="http://www.w3.org/2001/XMLSchema-instance" xsi:noNamespaceSchemaLocation="https://maven.apache.org/surefire/maven-surefire-plugin/xsd/surefire-test-report-3.0.xsd" version="3.0" name="com.karamatics.audit.audit_service.AuditServiceApplicationTests" time="0.988" tests="1" errors="0" skipped="0" failures="0">
  <properties>
[...]
</properties>
  <testcase name="contextLoads" classname="com.karamatics.audit.audit_service.AuditServiceApplicationTests" time="0.337">
    <system-out><![CDATA[17:04:34.961 [main] INFO org.springframework.test.context.support.AnnotationConfigContextLoaderUtils -- Could not detect default configuration classes for test class [com.karamatics.audit.audit_service.AuditServiceApplicationTests]: AuditServiceApplicationTests does not declare any static, non-private, non-final, nested classes annotated with @Configuration.
17:04:35.002 [main] INFO org.springframework.boot.test.context.SpringBootTestContextBootstrapper -- Found @SpringBootConfiguration com.karamatics.audit.audit_service.AuditServiceApplication for test class com.karamatics.audit.audit_service.AuditServiceApplicationTests

  .   ____          _            __ _ _
 /\\ / ___'_ __ _ _(_)_ __  __ _ \ \ \ \
( ( )\___ | '_ | '_| | '_ \/ _` | \ \ \ \
 \\/  ___)| |_)| | | | | || (_| |  ) ) ) )
  '  |____| .__|_| |_|_| |_\__, | / / / /
 =========|_|==============|___/=/_/_/_/

 :: Spring Boot ::                (v3.5.1)

2025-08-05T17:04:35.152+05:00  INFO 7276 --- [audit-service] [           main] c.k.a.a.AuditServiceApplicationTests     : Starting AuditServiceApplicationTests using Java 21.0.7 with PID 7276 (started by hammad.karamat in /Users/hammad.karamat/work/projects/kafka-playground/audit-service)
2025-08-05T17:04:35.152+05:00  INFO 7276 --- [audit-service] [           main] c.k.a.a.AuditServiceApplicationTests     : No active profile set, falling back to 1 default profile: "default"
2025-08-05T17:04:35.572+05:00  INFO 7276 --- [audit-service] [           main] c.k.a.a.AuditServiceApplicationTests     : Started AuditServiceApplicationTests in 0.516 seconds (process running for 0.858)
]]></system-out>
    <system-err><![CDATA[Mockito is currently self-attaching to enable the inline-mock-maker. This will no longer work in future releases of the JDK. Please add Mockito as an agent to your build as described in Mockito's documentation: https://javadoc.io/doc/org.mockito/mockito-core/latest/org.mockito/org/mockito/Mockito.html#0.3
WARNING: A Java agent has been loaded dynamically (/Users/hammad.karamat/.m2/repository/net/bytebuddy/byte-buddy-agent/1.17.6/byte-buddy-agent-1.17.6.jar)
WARNING: If a serviceability tool is in use, please run with -XX:+EnableDynamicAgentLoading to hide this warning
WARNING: If a serviceability tool is not in use, please run with -Djdk.instrument.traceUsage for more information
WARNING: Dynamic loading of agents will be disallowed by default in a future release
]]></system-err>
  </testcase>
</testsuite>