<?xml version="1.0" encoding="UTF-8"?>
<testsuite xmlns:xsi="http://www.w3.org/2001/XMLSchema-instance" xsi:noNamespaceSchemaLocation="https://maven.apache.org/surefire/maven-surefire-plugin/xsd/surefire-test-report-3.0.xsd" version="3.0" name="com.karamatics.gateway.GatewayApplicationTests" time="1.983" tests="1" errors="0" skipped="0" failures="0">
  <properties>
[...]
</properties>
  <testcase name="contextLoads" classname="com.karamatics.gateway.GatewayApplicationTests" time="0.331">
    <system-out><![CDATA[17:03:47.819 [main] INFO org.springframework.test.context.support.AnnotationConfigContextLoaderUtils -- Could not detect default configuration classes for test class [com.karamatics.gateway.GatewayApplicationTests]: GatewayApplicationTests does not declare any static, non-private, non-final, nested classes annotated with @Configuration.
17:03:47.856 [main] INFO org.springframework.boot.test.context.SpringBootTestContextBootstrapper -- Found @SpringBootConfiguration com.karamatics.gateway.GatewayApplication for test class com.karamatics.gateway.GatewayApplicationTests

  .   ____          _            __ _ _
 /\\ / ___'_ __ _ _(_)_ __  __ _ \ \ \ \
( ( )\___ | '_ | '_| | '_ \/ _` | \ \ \ \
 \\/  ___)| |_)| | | | | || (_| |  ) ) ) )
  '  |____| .__|_| |_|_| |_\__, | / / / /
 =========|_|==============|___/=/_/_/_/

 :: Spring Boot ::                (v3.5.1)

2025-08-05T17:03:48.086+05:00  INFO 7259 --- [gateway] [           main] [                                                 ] c.k.gateway.GatewayApplicationTests      : Starting GatewayApplicationTests using Java 21.0.7 with PID 7259 (started by hammad.karamat in /Users/hammad.karamat/work/projects/kafka-playground/api-gateway)
2025-08-05T17:03:48.087+05:00  INFO 7259 --- [gateway] [           main] [                                                 ] c.k.gateway.GatewayApplicationTests      : No active profile set, falling back to 1 default profile: "default"
2025-08-05T17:03:48.394+05:00  INFO 7259 --- [gateway] [           main] [                                                 ] .s.d.r.c.RepositoryConfigurationDelegate : Multiple Spring Data modules found, entering strict repository configuration mode
2025-08-05T17:03:48.395+05:00  INFO 7259 --- [gateway] [           main] [                                                 ] .s.d.r.c.RepositoryConfigurationDelegate : Bootstrapping Spring Data Redis repositories in DEFAULT mode.
2025-08-05T17:03:48.403+05:00  INFO 7259 --- [gateway] [           main] [                                                 ] .s.d.r.c.RepositoryConfigurationDelegate : Finished Spring Data repository scanning in 3 ms. Found 0 Redis repository interfaces.
2025-08-05T17:03:48.496+05:00  INFO 7259 --- [gateway] [           main] [                                                 ] o.s.cloud.context.scope.GenericScope     : BeanFactory id=f46339de-b27e-3683-9a94-1b9fe171dfa9
2025-08-05T17:03:48.704+05:00 ERROR 7259 --- [gateway] [           main] [                                                 ] i.n.r.d.DnsServerAddressStreamProviders  : Unable to load io.netty.resolver.dns.macos.MacOSDnsServerAddressStreamProvider, fallback to system defaults. This may result in incorrect DNS resolutions on MacOS. Check whether you have a dependency on 'io.netty:netty-resolver-dns-native-macos'. Use DEBUG level to see the full stack: java.lang.UnsatisfiedLinkError: failed to load the required native library
2025-08-05T17:03:48.815+05:00  INFO 7259 --- [gateway] [           main] [                                                 ] o.s.b.a.e.web.EndpointLinksResolver      : Exposing 1 endpoint beneath base path '/actuator'
2025-08-05T17:03:48.984+05:00  INFO 7259 --- [gateway] [cTaskExecutor-1] [                                                 ] com.tngtech.archunit.core.PluginLoader   : Detected Java version 21.0.7
2025-08-05T17:03:49.384+05:00  WARN 7259 --- [gateway] [cTaskExecutor-1] [                                                 ] onfiguration$ApplicationModulesBootstrap : No application modules detected!
2025-08-05T17:03:49.412+05:00  INFO 7259 --- [gateway] [           main] [                                                 ] o.s.s.config.TaskSchedulerRouter         : No TaskScheduler/ScheduledExecutorService bean found for scheduled processing
2025-08-05T17:03:49.414+05:00  INFO 7259 --- [gateway] [           main] [                                                 ] c.k.gateway.GatewayApplicationTests      : Started GatewayApplicationTests in 1.425 seconds (process running for 1.843)
]]></system-out>
    <system-err><![CDATA[Mockito is currently self-attaching to enable the inline-mock-maker. This will no longer work in future releases of the JDK. Please add Mockito as an agent to your build as described in Mockito's documentation: https://javadoc.io/doc/org.mockito/mockito-core/latest/org.mockito/org/mockito/Mockito.html#0.3
WARNING: A Java agent has been loaded dynamically (/Users/hammad.karamat/.m2/repository/net/bytebuddy/byte-buddy-agent/1.17.6/byte-buddy-agent-1.17.6.jar)
WARNING: If a serviceability tool is in use, please run with -XX:+EnableDynamicAgentLoading to hide this warning
WARNING: If a serviceability tool is not in use, please run with -Djdk.instrument.traceUsage for more information
WARNING: Dynamic loading of agents will be disallowed by default in a future release
]]></system-err>
  </testcase>
</testsuite>